chatSecure/build/outputs/logs/manifest-merger-debug-report.txt
-- Merging decision tree log ---
manifest
ADDED from src\main\AndroidManifest.xml:1:1-474:12
	xmlns:tools
		ADDED from src\main\AndroidManifest.xml:7:5-51
	xmlns:android
		ADDED from src\main\AndroidManifest.xml:1:11-69
	package
		ADDED from src\main\AndroidManifest.xml:2:5-46
		INJECTED from src\main\AndroidManifest.xml
		INJECTED from src\main\AndroidManifest.xml
	android:sharedUserLabel
		ADDED from src\main\AndroidManifest.xml:4:5-49
	android:versionName
		ADDED from src\main\AndroidManifest.xml:6:5-33
	android:versionCode
		ADDED from src\main\AndroidManifest.xml:5:5-34
		INJECTED from src\main\AndroidManifest.xml
		INJECTED from src\main\AndroidManifest.xml
	android:installLocation
		ADDED from src\main\AndroidManifest.xml:3:5-35
supports-screens
ADDED from src\main\AndroidManifest.xml:9:5-13:39
	android:largeScreens
		ADDED from src\main\AndroidManifest.xml:11:9-36
	android:anyDensity
		ADDED from src\main\AndroidManifest.xml:10:9-34
	android:normalScreens
		ADDED from src\main\AndroidManifest.xml:12:9-37
	android:smallScreens
		ADDED from src\main\AndroidManifest.xml:13:9-36
uses-sdk
ADDED from src\main\AndroidManifest.xml:15:5-17:41
MERGED from [ChatSecureAndroid:androidPinning:unspecified] AndroidManifest.xml:7:5-9:41
MERGED from [ChatSecureAndroid:library:unspecified] AndroidManifest.xml:7:5-9:41
MERGED from [com.android.support:support-v4:21.0.3] AndroidManifest.xml:15:5-42
MERGED from [ChatSecureAndroid:tibetanTextLibrary:unspecified] AndroidManifest.xml:7:5-9:41
MERGED from [ChatSecureAndroid:cachewordlib:unspecified] AndroidManifest.xml:5:5-7:41
MERGED from [com.android.support:support-v4:21.0.3] AndroidManifest.xml:15:5-42
MERGED from [com.android.support:support-v4:21.0.3] AndroidManifest.xml:15:5-42
MERGED from [com.android.support:appcompat-v7:21.0.3] AndroidManifest.xml:15:5-42
MERGED from [com.android.support:support-v4:21.0.3] AndroidManifest.xml:15:5-42
	android:targetSdkVersion
		ADDED from src\main\AndroidManifest.xml:17:9-38
		INJECTED from src\main\AndroidManifest.xml
		INJECTED from src\main\AndroidManifest.xml
	android:minSdkVersion
		ADDED from src\main\AndroidManifest.xml:16:9-34
		INJECTED from src\main\AndroidManifest.xml
		INJECTED from src\main\AndroidManifest.xml
uses-permission#info.guardianproject.otr.app.providers.imps.permission.READ_ONLY
ADDED from src\main\AndroidManifest.xml:19:5-104
	android:name
		ADDED from src\main\AndroidManifest.xml:19:22-101
uses-permission#info.guardianproject.otr.app.providers.imps.permission.WRITE_ONLY
ADDED from src\main\AndroidManifest.xml:20:5-105
	android:name
		ADDED from src\main\AndroidManifest.xml:20:22-102
uses-permission#android.permission.WAKE_LOCK
ADDED from src\main\AndroidManifest.xml:21:5-68
	android:name
		ADDED from src\main\AndroidManifest.xml:21:22-65
uses-permission#android.permission.VIBRATE
ADDED from src\main\AndroidManifest.xml:22:5-66
MERGED from [ChatSecureAndroid:cachewordlib:unspecified] AndroidManifest.xml:9:5-66
	android:name
		ADDED from src\main\AndroidManifest.xml:22:22-63
uses-permission#android.permission.INTERNET
ADDED from src\main\AndroidManifest.xml:23:5-67
	android:name
		ADDED from src\main\AndroidManifest.xml:23:22-64
uses-permission#android.permission.CHANGE_WIFI_MULTICAST_STATE
ADDED from src\main\AndroidManifest.xml:24:5-86
	android:name
		ADDED from src\main\AndroidManifest.xml:24:22-83
uses-permission#android.permission.ACCESS_WIFI_STATE
ADDED from src\main\AndroidManifest.xml:25:5-76
	android:name
		ADDED from src\main\AndroidManifest.xml:25:22-73
uses-permission#android.permission.ACCESS_NETWORK_STATE
ADDED from src\main\AndroidManifest.xml:26:5-79
	android:name
		ADDED from src\main\AndroidManifest.xml:26:22-76
uses-permission#android.permission.READ_EXTERNAL_STORAGE
ADDED from src\main\AndroidManifest.xml:27:5-80
MERGED from [ChatSecureAndroid:tibetanTextLibrary:unspecified] AndroidManifest.xml:13:5-80
	android:name
		ADDED from src\main\AndroidManifest.xml:27:22-77
uses-permission#android.permission.WRITE_EXTERNAL_STORAGE
ADDED from src\main\AndroidManifest.xml:28:5-81
MERGED from [ChatSecureAndroid:tibetanTextLibrary:unspecified] AndroidManifest.xml:11:5-81
	android:name
		ADDED from src\main\AndroidManifest.xml:28:22-78
uses-permission#android.permission.RECEIVE_BOOT_COMPLETED
ADDED from src\main\AndroidManifest.xml:29:5-81
	android:name
		ADDED from src\main\AndroidManifest.xml:29:22-78
uses-permission#info.guardianproject.otr.app.im.permission.IM_SERVICE
ADDED from src\main\AndroidManifest.xml:30:5-93
	android:name
		ADDED from src\main\AndroidManifest.xml:30:22-90
uses-permission#android.permission.UPDATE_APP_OPS_STATS
ADDED from src\main\AndroidManifest.xml:31:5-79
	android:name
		ADDED from src\main\AndroidManifest.xml:31:22-76
uses-permission#android.permission.GET_ACCOUNTS
ADDED from src\main\AndroidManifest.xml:32:5-71
	android:name
		ADDED from src\main\AndroidManifest.xml:32:22-68
uses-permission#android.permission.MANAGE_ACCOUNTS
ADDED from src\main\AndroidManifest.xml:33:5-74
	android:name
		ADDED from src\main\AndroidManifest.xml:33:22-71
uses-permission#android.permission.USE_CREDENTIALS
ADDED from src\main\AndroidManifest.xml:34:5-74
	android:name
		ADDED from src\main\AndroidManifest.xml:34:22-71
uses-permission#com.google.android.googleapps.permission.GOOGLE_AUTH
ADDED from src\main\AndroidManifest.xml:35:5-92
	android:name
		ADDED from src\main\AndroidManifest.xml:35:22-89
permission#info.guardianproject.otr.app.im.permission.IM_SERVICE
ADDED from src\main\AndroidManifest.xml:37:5-42:47
	android:label
		ADDED from src\main\AndroidManifest.xml:40:9-43
	android:protectionLevel
		ADDED from src\main\AndroidManifest.xml:42:9-44
	android:description
		ADDED from src\main\AndroidManifest.xml:39:9-48
	android:permissionGroup
		ADDED from src\main\AndroidManifest.xml:41:9-68
	android:name
		ADDED from src\main\AndroidManifest.xml:38:9-77
permission#info.guardianproject.otr.app.providers.imps.permission.READ_ONLY
ADDED from src\main\AndroidManifest.xml:43:5-48:47
	android:label
		ADDED from src\main\AndroidManifest.xml:46:9-46
	android:protectionLevel
		ADDED from src\main\AndroidManifest.xml:48:9-44
	android:description
		ADDED from src\main\AndroidManifest.xml:45:9-51
	android:permissionGroup
		ADDED from src\main\AndroidManifest.xml:47:9-68
	android:name
		ADDED from src\main\AndroidManifest.xml:44:9-88
permission#info.guardianproject.otr.app.providers.imps.permission.WRITE_ONLY
ADDED from src\main\AndroidManifest.xml:49:5-54:47
	android:label
		ADDED from src\main\AndroidManifest.xml:52:9-46
	android:protectionLevel
		ADDED from src\main\AndroidManifest.xml:54:9-44
	android:description
		ADDED from src\main\AndroidManifest.xml:51:9-51
	android:permissionGroup
		ADDED from src\main\AndroidManifest.xml:53:9-68
	android:name
		ADDED from src\main\AndroidManifest.xml:50:9-89
application
ADDED from src\main\AndroidManifest.xml:56:5-472:19
MERGED from [com.android.support:support-v4:21.0.3] AndroidManifest.xml:16:5-19
MERGED from [ChatSecureAndroid:cachewordlib:unspecified] AndroidManifest.xml:11:5-16:19
MERGED from [com.android.support:support-v4:21.0.3] AndroidManifest.xml:16:5-19
MERGED from [ChatSecureAndroid:memorizingTrustManager:unspecified] AndroidManifest.xml:7:5-11:19
MERGED from [com.android.support:support-v4:21.0.3] AndroidManifest.xml:16:5-19
MERGED from [com.android.support:appcompat-v7:21.0.3] AndroidManifest.xml:16:5-19
MERGED from [com.android.support:support-v4:21.0.3] AndroidManifest.xml:16:5-19
	android:label
		ADDED from src\main\AndroidManifest.xml:60:9-42
		REJECTED from [ChatSecureAndroid:memorizingTrustManager:unspecified] AndroidManifest.xml:7:18-56
	android:allowBackup
		ADDED from src\main\AndroidManifest.xml:58:9-36
	android:icon
		ADDED from src\main\AndroidManifest.xml:59:9-45
	android:theme
		ADDED from src\main\AndroidManifest.xml:62:9-40
	tools:replace
		ADDED from src\main\AndroidManifest.xml:61:9-38
	android:name
		ADDED from src\main\AndroidManifest.xml:57:9-34
activity#info.guardianproject.otr.app.im.app.WelcomeActivity
ADDED from src\main\AndroidManifest.xml:63:9-182:20
	android:name
		ADDED from src\main\AndroidManifest.xml:63:19-54
intent-filter#android.intent.action.MAIN+android.intent.category.LAUNCHER
ADDED from src\main\AndroidManifest.xml:64:13-68:29
action#android.intent.action.MAIN
ADDED from src\main\AndroidManifest.xml:65:17-69
	android:name
		ADDED from src\main\AndroidManifest.xml:65:25-66
category#android.intent.category.LAUNCHER
ADDED from src\main\AndroidManifest.xml:67:17-77
	android:name
		ADDED from src\main\AndroidManifest.xml:67:27-74
intent-filter#android.intent.action.VIEW+android.intent.category.BROWSABLE+android.intent.category.DEFAULT
ADDED from src\main\AndroidManifest.xml:69:13-89:29
action#android.intent.action.VIEW
ADDED from src\main\AndroidManifest.xml:70:17-69
	android:name
		ADDED from src\main\AndroidManifest.xml:70:25-66
category#android.intent.category.DEFAULT
ADDED from src\main\AndroidManifest.xml:72:17-76
	android:name
		ADDED from src\main\AndroidManifest.xml:72:27-73
category#android.intent.category.BROWSABLE
ADDED from src\main\AndroidManifest.xml:73:17-78
	android:name
		ADDED from src\main\AndroidManifest.xml:73:27-75
data
ADDED from src\main\AndroidManifest.xml:75:17-42
	android:host
		ADDED from src\main\AndroidManifest.xml:75:23-39
intent-filter#android.intent.action.SENDTO+android.intent.category.DEFAULT+info.guardianproject.otr.app.im.category.XMPP
ADDED from src\main\AndroidManifest.xml:117:13-124:29
action#android.intent.action.SENDTO
ADDED from src\main\AndroidManifest.xml:118:17-71
	android:name
		ADDED from src\main\AndroidManifest.xml:118:25-68
category#info.guardianproject.otr.app.im.category.XMPP
ADDED from src\main\AndroidManifest.xml:121:17-90
	android:name
		ADDED from src\main\AndroidManifest.xml:121:27-87
intent-filter#android.intent.action.SENDTO+android.intent.category.DEFAULT
ADDED from src\main\AndroidManifest.xml:125:13-133:29
intent-filter#android.intent.action.INSERT+android.intent.category.DEFAULT
ADDED from src\main\AndroidManifest.xml:150:13-156:29
action#android.intent.action.INSERT
ADDED from src\main\AndroidManifest.xml:151:17-71
	android:name
		ADDED from src\main\AndroidManifest.xml:151:25-68
intent-filter#android.intent.action.SEND+android.intent.category.ALTERNATIVE+android.intent.category.DEFAULT+android.intent.category.SELECTED_ALTERNATIVE
ADDED from src\main\AndroidManifest.xml:164:13-172:29
action#android.intent.action.SEND
ADDED from src\main\AndroidManifest.xml:165:17-69
	android:name
		ADDED from src\main\AndroidManifest.xml:165:25-66
category#android.intent.category.ALTERNATIVE
ADDED from src\main\AndroidManifest.xml:168:17-80
	android:name
		ADDED from src\main\AndroidManifest.xml:168:27-77
category#android.intent.category.SELECTED_ALTERNATIVE
ADDED from src\main\AndroidManifest.xml:169:17-89
	android:name
		ADDED from src\main\AndroidManifest.xml:169:27-86
activity#info.guardianproject.otr.app.im.app.ActiveChatListView
ADDED from src\main\AndroidManifest.xml:183:9-185:40
	android:exported
		ADDED from src\main\AndroidManifest.xml:185:13-37
	android:name
		ADDED from src\main\AndroidManifest.xml:184:13-51
activity#info.guardianproject.otr.app.im.ui.AboutActivity
ADDED from src\main\AndroidManifest.xml:186:9-188:40
	android:exported
		ADDED from src\main\AndroidManifest.xml:188:13-37
	android:name
		ADDED from src\main\AndroidManifest.xml:187:13-45
service#info.guardianproject.otr.app.im.plugin.xmpp.XmppImPlugin
ADDED from src\main\AndroidManifest.xml:190:9-206:19
	android:exported
		ADDED from src\main\AndroidManifest.xml:192:13-37
	android:name
		ADDED from src\main\AndroidManifest.xml:191:13-53
intent-filter#info.guardianproject.otr.app.im.plugin
ADDED from src\main\AndroidManifest.xml:193:13-195:29
action#info.guardianproject.otr.app.im.plugin
ADDED from src\main\AndroidManifest.xml:194:17-81
	android:name
		ADDED from src\main\AndroidManifest.xml:194:25-78
meta-data#info.guardianproject.otr.app.im.provider_name
ADDED from src\main\AndroidManifest.xml:197:13-199:49
	android:name
		ADDED from src\main\AndroidManifest.xml:198:17-77
	android:value
		ADDED from src\main\AndroidManifest.xml:199:17-46
meta-data#info.guardianproject.otr.app.im.provider_full_name
ADDED from src\main\AndroidManifest.xml:200:13-202:67
	android:name
		ADDED from src\main\AndroidManifest.xml:201:17-82
	android:value
		ADDED from src\main\AndroidManifest.xml:202:17-64
meta-data#info.guardianproject.otr.app.im.signup_url
ADDED from src\main\AndroidManifest.xml:203:13-205:61
	android:name
		ADDED from src\main\AndroidManifest.xml:204:17-74
	android:value
		ADDED from src\main\AndroidManifest.xml:205:17-58
service#info.guardianproject.otr.app.im.plugin.xmpp.LLXmppImPlugin
ADDED from src\main\AndroidManifest.xml:207:9-223:19
	android:exported
		ADDED from src\main\AndroidManifest.xml:209:13-37
	android:name
		ADDED from src\main\AndroidManifest.xml:208:13-55
service#info.guardianproject.otr.app.im.service.RemoteImService
ADDED from src\main\AndroidManifest.xml:241:9-249:19
	android:exported
		ADDED from src\main\AndroidManifest.xml:243:13-37
	android:permission
		ADDED from src\main\AndroidManifest.xml:244:13-87
	android:name
		ADDED from src\main\AndroidManifest.xml:242:13-52
intent-filter#info.guardianproject.otr.app.im.IRemoteImService+info.guardianproject.otr.app.im.SERVICE
ADDED from src\main\AndroidManifest.xml:245:13-248:29
action#info.guardianproject.otr.app.im.IRemoteImService
ADDED from src\main\AndroidManifest.xml:246:17-91
	android:name
		ADDED from src\main\AndroidManifest.xml:246:25-88
action#info.guardianproject.otr.app.im.SERVICE
ADDED from src\main\AndroidManifest.xml:247:17-82
	android:name
		ADDED from src\main\AndroidManifest.xml:247:25-79
service#info.guardianproject.otr.app.im.service.HeartbeatService
ADDED from src\main\AndroidManifest.xml:250:9-252:40
	android:exported
		ADDED from src\main\AndroidManifest.xml:252:13-37
	android:name
		ADDED from src\main\AndroidManifest.xml:251:13-53
provider#info.guardianproject.otr.app.im.provider.ImpsProvider
ADDED from src\main\AndroidManifest.xml:254:9-260:107
	android:grantUriPermissions
		ADDED from src\main\AndroidManifest.xml:258:13-47
	android:exported
		ADDED from src\main\AndroidManifest.xml:257:13-37
	android:authorities
		ADDED from src\main\AndroidManifest.xml:256:13-80
	android:readPermission
		ADDED from src\main\AndroidManifest.xml:259:13-102
	android:name
		ADDED from src\main\AndroidManifest.xml:255:13-50
	android:writePermission
		ADDED from src\main\AndroidManifest.xml:260:13-104
activity#info.guardianproject.otr.app.im.app.ChooseAccountActivity
ADDED from src\main\AndroidManifest.xml:262:9-265:20
	android:exported
		ADDED from src\main\AndroidManifest.xml:264:13-37
	android:name
		ADDED from src\main\AndroidManifest.xml:263:13-54
activity#info.guardianproject.otr.app.im.app.ImUrlActivity
ADDED from src\main\AndroidManifest.xml:266:9-267:20
	android:name
		ADDED from src\main\AndroidManifest.xml:266:19-52
activity#info.guardianproject.otr.app.im.app.AccountWizardActivity
ADDED from src\main\AndroidManifest.xml:268:9-285:20
	android:exported
		ADDED from src\main\AndroidManifest.xml:270:13-37
	android:name
		ADDED from src\main\AndroidManifest.xml:269:13-85
intent-filter#android.intent.action.VIEW+android.intent.category.DEFAULT
ADDED from src\main\AndroidManifest.xml:271:13-277:29
intent-filter#android.intent.category.DEFAULT+info.guardianproject.otr.app.im.QUIT
ADDED from src\main\AndroidManifest.xml:278:13-284:29
action#info.guardianproject.otr.app.im.QUIT
ADDED from src\main\AndroidManifest.xml:279:17-79
	android:name
		ADDED from src\main\AndroidManifest.xml:279:25-76
activity#info.guardianproject.otr.app.im.app.AccountActivity
ADDED from src\main\AndroidManifest.xml:286:9-306:20
	android:windowSoftInputMode
		ADDED from src\main\AndroidManifest.xml:289:13-57
	android:exported
		ADDED from src\main\AndroidManifest.xml:288:13-37
	android:name
		ADDED from src\main\AndroidManifest.xml:287:13-48
intent-filter#android.intent.action.EDIT+android.intent.category.DEFAULT+info.guardianproject.otr.app.im.IMPS_CATEGORY
ADDED from src\main\AndroidManifest.xml:290:13-297:29
action#android.intent.action.EDIT
ADDED from src\main\AndroidManifest.xml:291:17-69
	android:name
		ADDED from src\main\AndroidManifest.xml:291:25-66
category#info.guardianproject.otr.app.im.IMPS_CATEGORY
ADDED from src\main\AndroidManifest.xml:294:17-90
	android:name
		ADDED from src\main\AndroidManifest.xml:294:27-87
intent-filter#android.intent.action.INSERT+android.intent.category.DEFAULT+info.guardianproject.otr.app.im.IMPS_CATEGORY
ADDED from src\main\AndroidManifest.xml:298:13-305:29
activity#info.guardianproject.otr.app.im.app.SignoutActivity
ADDED from src\main\AndroidManifest.xml:307:9-315:20
	android:exported
		ADDED from src\main\AndroidManifest.xml:309:13-37
	android:name
		ADDED from src\main\AndroidManifest.xml:308:13-48
intent-filter#android.intent.action.MAIN+android.intent.category.DEFAULT
ADDED from src\main\AndroidManifest.xml:310:13-314:29
activity#info.guardianproject.otr.app.im.app.AddContactActivity
ADDED from src\main\AndroidManifest.xml:316:9-319:57
	android:label
		ADDED from src\main\AndroidManifest.xml:319:13-54
	android:exported
		ADDED from src\main\AndroidManifest.xml:318:13-37
	android:name
		ADDED from src\main\AndroidManifest.xml:317:13-51
activity#info.guardianproject.otr.app.im.app.NewChatActivity
ADDED from src\main\AndroidManifest.xml:320:9-348:20
	android:windowSoftInputMode
		ADDED from src\main\AndroidManifest.xml:325:13-57
	android:configChanges
		ADDED from src\main\AndroidManifest.xml:322:13-74
	android:exported
		ADDED from src\main\AndroidManifest.xml:323:13-37
	android:name
		ADDED from src\main\AndroidManifest.xml:321:13-48
	android:launchMode
		ADDED from src\main\AndroidManifest.xml:324:13-43
intent-filter#android.intent.action.VIEW+android.intent.category.DEFAULT+info.guardianproject.otr.app.im.IMPS_CATEGORY
ADDED from src\main\AndroidManifest.xml:326:13-333:29
intent-filter#android.intent.action.IM_MANAGE_SUBSCRIPTION+android.intent.category.DEFAULT
ADDED from src\main\AndroidManifest.xml:341:13-347:29
action#android.intent.action.IM_MANAGE_SUBSCRIPTION
ADDED from src\main\AndroidManifest.xml:342:17-87
	android:name
		ADDED from src\main\AndroidManifest.xml:342:25-84
activity#info.guardianproject.otr.app.im.app.ContactsPickerActivity
ADDED from src\main\AndroidManifest.xml:349:9-364:20
	android:label
		ADDED from src\main\AndroidManifest.xml:352:13-58
	android:exported
		ADDED from src\main\AndroidManifest.xml:351:13-37
	android:name
		ADDED from src\main\AndroidManifest.xml:350:13-55
intent-filter#android.intent.action.PICK+android.intent.category.DEFAULT
ADDED from src\main\AndroidManifest.xml:353:13-357:29
action#android.intent.action.PICK
ADDED from src\main\AndroidManifest.xml:354:17-69
	android:name
		ADDED from src\main\AndroidManifest.xml:354:25-66
activity#info.guardianproject.otr.app.im.app.BlockedContactsActivity
ADDED from src\main\AndroidManifest.xml:365:9-376:20
	android:label
		ADDED from src\main\AndroidManifest.xml:368:13-55
	android:exported
		ADDED from src\main\AndroidManifest.xml:367:13-37
	android:name
		ADDED from src\main\AndroidManifest.xml:366:13-56
activity#info.guardianproject.otr.app.im.app.ContactPresenceActivity
ADDED from src\main\AndroidManifest.xml:377:9-388:20
	android:configChanges
		ADDED from src\main\AndroidManifest.xml:379:13-74
	android:exported
		ADDED from src\main\AndroidManifest.xml:380:13-37
	android:name
		ADDED from src\main\AndroidManifest.xml:378:13-56
activity#info.guardianproject.otr.app.im.app.AccountSettingsActivity
ADDED from src\main\AndroidManifest.xml:389:9-400:20
	android:exported
		ADDED from src\main\AndroidManifest.xml:391:13-37
	android:name
		ADDED from src\main\AndroidManifest.xml:390:13-56
activity#info.guardianproject.otr.app.im.app.SettingActivity
ADDED from src\main\AndroidManifest.xml:401:9-412:20
	android:exported
		ADDED from src\main\AndroidManifest.xml:403:13-37
	android:name
		ADDED from src\main\AndroidManifest.xml:402:13-48
activity#info.guardianproject.otr.app.im.app.SmpResponseActivity
ADDED from src\main\AndroidManifest.xml:413:9-416:59
	android:theme
		ADDED from src\main\AndroidManifest.xml:416:13-56
	android:exported
		ADDED from src\main\AndroidManifest.xml:415:13-37
	android:name
		ADDED from src\main\AndroidManifest.xml:414:13-52
activity#de.duenndns.ssl.MemorizingActivity
ADDED from src\main\AndroidManifest.xml:417:9-421:75
MERGED from [ChatSecureAndroid:memorizingTrustManager:unspecified] AndroidManifest.xml:8:9-10:75
	android:configChanges
		ADDED from src\main\AndroidManifest.xml:419:13-55
	android:theme
		ADDED from src\main\AndroidManifest.xml:421:13-72
	android:exported
		ADDED from src\main\AndroidManifest.xml:420:13-37
	android:name
		ADDED from src\main\AndroidManifest.xml:418:13-62
receiver#info.guardianproject.otr.app.im.app.NetworkConnectivityListener
ADDED from src\main\AndroidManifest.xml:423:9-430:20
	android:exported
		ADDED from src\main\AndroidManifest.xml:426:13-36
	android:enabled
		ADDED from src\main\AndroidManifest.xml:425:13-35
	android:name
		ADDED from src\main\AndroidManifest.xml:424:13-60
intent-filter#android.net.conn.CONNECTIVITY_CHANGE
ADDED from src\main\AndroidManifest.xml:427:13-429:29
action#android.net.conn.CONNECTIVITY_CHANGE
ADDED from src\main\AndroidManifest.xml:428:17-79
	android:name
		ADDED from src\main\AndroidManifest.xml:428:25-76
receiver#info.guardianproject.otr.app.im.app.BootCompletedListener
ADDED from src\main\AndroidManifest.xml:431:9-439:20
	android:exported
		ADDED from src\main\AndroidManifest.xml:434:13-36
	android:enabled
		ADDED from src\main\AndroidManifest.xml:433:13-35
	android:name
		ADDED from src\main\AndroidManifest.xml:432:13-54
intent-filter#android.intent.action.BOOT_COMPLETED
ADDED from src\main\AndroidManifest.xml:435:13-438:29
action#android.intent.action.BOOT_COMPLETED
ADDED from src\main\AndroidManifest.xml:436:17-437:26
	android:name
		ADDED from src\main\AndroidManifest.xml:436:25-76
activity#info.guardianproject.otr.app.im.app.LockScreenActivity
ADDED from src\main\AndroidManifest.xml:441:9-445:20
	android:label
		ADDED from src\main\AndroidManifest.xml:444:13-63
	android:configChanges
		ADDED from src\main\AndroidManifest.xml:443:13-74
	android:name
		ADDED from src\main\AndroidManifest.xml:442:13-51
activity#info.guardianproject.otr.app.im.app.MissingChatFileStoreActivity
ADDED from src\main\AndroidManifest.xml:447:9-449:77
	android:configChanges
		ADDED from src\main\AndroidManifest.xml:449:13-74
	android:name
		ADDED from src\main\AndroidManifest.xml:448:13-61
service#info.guardianproject.cacheword.CacheWordService
ADDED from src\main\AndroidManifest.xml:451:9-454:40
MERGED from [ChatSecureAndroid:cachewordlib:unspecified] AndroidManifest.xml:12:9-15:40
	android:exported
		ADDED from src\main\AndroidManifest.xml:454:13-37
	android:enabled
		ADDED from src\main\AndroidManifest.xml:453:13-35
	android:name
		ADDED from src\main\AndroidManifest.xml:452:13-75
activity#net.hockeyapp.android.UpdateActivity
ADDED from src\main\AndroidManifest.xml:456:9-73
	android:name
		ADDED from src\main\AndroidManifest.xml:456:19-70
activity#info.guardianproject.otr.app.im.app.DummyActivity
ADDED from src\main\AndroidManifest.xml:457:9-467:62
	android:noHistory
		ADDED from src\main\AndroidManifest.xml:465:13-37
	android:theme
		ADDED from src\main\AndroidManifest.xml:467:13-59
	android:stateNotNeeded
		ADDED from src\main\AndroidManifest.xml:466:13-42
	android:enabled
		ADDED from src\main\AndroidManifest.xml:462:13-35
	android:clearTaskOnLaunch
		ADDED from src\main\AndroidManifest.xml:461:13-45
	android:allowTaskReparenting
		ADDED from src\main\AndroidManifest.xml:459:13-48
	android:excludeFromRecents
		ADDED from src\main\AndroidManifest.xml:463:13-46
	android:name
		ADDED from src\main\AndroidManifest.xml:458:13-46
	android:finishOnTaskLaunch
		ADDED from src\main\AndroidManifest.xml:464:13-46
	android:alwaysRetainTaskState
		ADDED from src\main\AndroidManifest.xml:460:13-50
activity#info.guardianproject.otr.app.im.ui.ImageViewActivity
ADDED from src\main\AndroidManifest.xml:468:9-470:75
	android:theme
		ADDED from src\main\AndroidManifest.xml:470:13-72
	android:name
		ADDED from src\main\AndroidManifest.xml:469:13-80
activity#info.guardianproject.otr.app.im.ui.SecureCameraActivity
ADDED from src\main\AndroidManifest.xml:471:9-92
	android:name
		ADDED from src\main\AndroidManifest.xml:471:19-89
uses-permission#android.permission.WRITE_MEDIA_STORAGE
ADDED from [ChatSecureAndroid:tibetanTextLibrary:unspecified] AndroidManifest.xml:12:5-78
	android:name
		ADDED from [ChatSecureAndroid:tibetanTextLibrary:unspecified] AndroidManifest.xml:12:22-75
uses-permission#android.permission.READ_MEDIA_STORAGE
ADDED from [ChatSecureAndroid:tibetanTextLibrary:unspecified] AndroidManifest.xml:14:5-77
	android:name
		ADDED from [ChatSecureAndroid:tibetanTextLibrary:unspecified] AndroidManifest.xml:14:22-74
android:uses-permission#android.permission.READ_PHONE_STATE
IMPLIED from src\main\AndroidManifest.xml:1:1-474:12 reason: de.duenndns.ssl has a targetSdkVersion < 4